# JRE version: Java(TM) SE Runtime Environment (21.0.2+13) (build 21.0.2+13-LTS-58)
# Java VM: Java HotSpot(TM) 64-Bit Server VM (21.0.2+13-LTS-58, mixed mode, sharing, tiered, compressed oops, compressed class ptrs, g1 gc, windows-amd64)
GC Precious Log:
 CardTable entry size: 512
 Card Set container configuration: InlinePtr #cards 5 size 8 Array Of Cards #cards 12 size 40 Howl #buckets 4 coarsen threshold 1843 Howl Bitmap #cards 512 size 80 coarsen threshold 460 Card regions per heap region 1 cards per card region 2048
 CPUs: 8 total, 8 available
 Memory: 6081M
 Large Page Support: Disabled
 NUMA Support: Disabled
 Compressed Oops: Enabled (32-bit)
 Heap Region Size: 1M
 Heap Min Capacity: 8M
 Heap Initial Capacity: 96M
 Heap Max Capacity: 1522M
 Pre-touch: Disabled
 Parallel Workers: 8
 Concurrent Workers: 2
 Concurrent Refinement Workers: 8
 Periodic GC: Disabled
Heap:
 garbage-first heap   total 51200K, used 34884K [0x00000000a0e00000, 0x0000000100000000)
  region size 1024K, 12 young (12288K), 2 survivors (2048K)
 Metaspace       used 50159K, committed 50880K, reserved 1114112K
  class space    used 6551K, committed 6912K, reserved 1048576K
GC Heap History (20 events):
Event: 2.345 GC heap before
{Heap before GC invocations=0 (full 0):
 garbage-first heap   total 98304K, used 24576K [0x00000000a0e00000, 0x0000000100000000)
  region size 1024K, 23 young (23552K), 0 survivors (0K)
 Metaspace       used 6735K, committed 6976K, reserved 1114112K
  class space    used 775K, committed 896K, reserved 1048576K
}
Event: 2.369 GC heap after
{Heap after GC invocations=1 (full 0):
 garbage-first heap   total 98304K, used 6656K [0x00000000a0e00000, 0x0000000100000000)
  region size 1024K, 3 young (3072K), 3 survivors (3072K)
 Metaspace       used 6735K, committed 6976K, reserved 1114112K
  class space    used 775K, committed 896K, reserved 1048576K
}
Event: 4.119 GC heap before
{Heap before GC invocations=1 (full 0):
 garbage-first heap   total 98304K, used 32256K [0x00000000a0e00000, 0x0000000100000000)
  region size 1024K, 29 young (29696K), 3 survivors (3072K)
 Metaspace       used 12993K, committed 13312K, reserved 1114112K
  class space    used 1740K, committed 1856K, reserved 1048576K
}
Event: 4.132 GC heap after
{Heap after GC invocations=2 (full 0):
 garbage-first heap   total 98304K, used 8924K [0x00000000a0e00000, 0x0000000100000000)
  region size 1024K, 2 young (2048K), 2 survivors (2048K)
 Metaspace       used 12993K, committed 13312K, reserved 1114112K
  class space    used 1740K, committed 1856K, reserved 1048576K
}
Event: 6.126 GC heap before
{Heap before GC invocations=2 (full 0):
 garbage-first heap   total 98304K, used 48860K [0x00000000a0e00000, 0x0000000100000000)
  region size 1024K, 43 young (44032K), 2 survivors (2048K)
 Metaspace       used 21183K, committed 21504K, reserved 1114112K
  class space    used 2672K, committed 2816K, reserved 1048576K
}
Event: 6.148 GC heap after
{Heap after GC invocations=3 (full 0):
 garbage-first heap   total 98304K, used 13754K [0x00000000a0e00000, 0x0000000100000000)
  region size 1024K, 7 young (7168K), 7 survivors (7168K)
 Metaspace       used 21183K, committed 21504K, reserved 1114112K
  class space    used 2672K, committed 2816K, reserved 1048576K
}
Event: 8.394 GC heap before
{Heap before GC invocations=4 (full 0):
 garbage-first heap   total 51200K, used 37306K [0x00000000a0e00000, 0x0000000100000000)
  region size 1024K, 30 young (30720K), 7 survivors (7168K)
 Metaspace       used 24389K, committed 24768K, reserved 1114112K
  class space    used 3093K, committed 3264K, reserved 1048576K
}
Event: 8.420 GC heap after
{Heap after GC invocations=5 (full 0):
 garbage-first heap   total 51200K, used 15393K [0x00000000a0e00000, 0x0000000100000000)
  region size 1024K, 3 young (3072K), 3 survivors (3072K)
 Metaspace       used 24389K, committed 24768K, reserved 1114112K
  class space    used 3093K, committed 3264K, reserved 1048576K
}
Event: 9.785 GC heap before
{Heap before GC invocations=5 (full 0):
 garbage-first heap   total 51200K, used 36897K [0x00000000a0e00000, 0x0000000100000000)
  region size 1024K, 25 young (25600K), 3 survivors (3072K)
 Metaspace       used 29425K, committed 29888K, reserved 1114112K
  class space    used 3779K, committed 3968K, reserved 1048576K
}
Event: 9.796 GC heap after
{Heap after GC invocations=6 (full 0):
 garbage-first heap   total 51200K, used 17334K [0x00000000a0e00000, 0x0000000100000000)
  region size 1024K, 4 young (4096K), 4 survivors (4096K)
 Metaspace       used 29425K, committed 29888K, reserved 1114112K
  class space    used 3779K, committed 3968K, reserved 1048576K
}
Event: 11.190 GC heap before
{Heap before GC invocations=6 (full 0):
 garbage-first heap   total 51200K, used 40886K [0x00000000a0e00000, 0x0000000100000000)
  region size 1024K, 27 young (27648K), 4 survivors (4096K)
 Metaspace       used 35099K, committed 35648K, reserved 1114112K
  class space    used 4573K, committed 4800K, reserved 1048576K
}
Event: 11.201 GC heap after
{Heap after GC invocations=7 (full 0):
 garbage-first heap   total 51200K, used 19698K [0x00000000a0e00000, 0x0000000100000000)
  region size 1024K, 3 young (3072K), 3 survivors (3072K)
 Metaspace       used 35099K, committed 35648K, reserved 1114112K
  class space    used 4573K, committed 4800K, reserved 1048576K
}
Event: 11.345 GC heap before
{Heap before GC invocations=7 (full 0):
 garbage-first heap   total 51200K, used 21746K [0x00000000a0e00000, 0x0000000100000000)
  region size 1024K, 6 young (6144K), 3 survivors (3072K)
 Metaspace       used 35482K, committed 35968K, reserved 1114112K
  class space    used 4647K, committed 4864K, reserved 1048576K
}
Event: 11.349 GC heap after
{Heap after GC invocations=8 (full 0):
 garbage-first heap   total 51200K, used 20208K [0x00000000a0e00000, 0x0000000100000000)
  region size 1024K, 1 young (1024K), 1 survivors (1024K)
 Metaspace       used 35482K, committed 35968K, reserved 1114112K
  class space    used 4647K, committed 4864K, reserved 1048576K
}
Event: 12.743 GC heap before
{Heap before GC invocations=9 (full 0):
 garbage-first heap   total 51200K, used 41712K [0x00000000a0e00000, 0x0000000100000000)
  region size 1024K, 22 young (22528K), 1 survivors (1024K)
 Metaspace       used 38674K, committed 39232K, reserved 1114112K
  class space    used 5066K, committed 5312K, reserved 1048576K
}
Event: 12.748 GC heap after
{Heap after GC invocations=10 (full 0):
 garbage-first heap   total 51200K, used 22332K [0x00000000a0e00000, 0x0000000100000000)
  region size 1024K, 3 young (3072K), 3 survivors (3072K)
 Metaspace       used 38674K, committed 39232K, reserved 1114112K
  class space    used 5066K, committed 5312K, reserved 1048576K
}
Event: 14.290 GC heap before
{Heap before GC invocations=10 (full 0):
 garbage-first heap   total 51200K, used 42812K [0x00000000a0e00000, 0x0000000100000000)
  region size 1024K, 23 young (23552K), 3 survivors (3072K)
 Metaspace       used 44341K, committed 44928K, reserved 1114112K
  class space    used 5771K, committed 6016K, reserved 1048576K
}
Event: 14.303 GC heap after
{Heap after GC invocations=11 (full 0):
 garbage-first heap   total 51200K, used 24841K [0x00000000a0e00000, 0x0000000100000000)
  region size 1024K, 3 young (3072K), 3 survivors (3072K)
 Metaspace       used 44341K, committed 44928K, reserved 1114112K
  class space    used 5771K, committed 6016K, reserved 1048576K
}
Event: 207.200 GC heap before
{Heap before GC invocations=11 (full 0):
 garbage-first heap   total 51200K, used 42249K [0x00000000a0e00000, 0x0000000100000000)
  region size 1024K, 21 young (21504K), 3 survivors (3072K)
 Metaspace       used 47865K, committed 48512K, reserved 1114112K
  class space    used 6262K, committed 6528K, reserved 1048576K
}
Event: 207.275 GC heap after
{Heap after GC invocations=12 (full 0):
 garbage-first heap   total 51200K, used 26692K [0x00000000a0e00000, 0x0000000100000000)
  region size 1024K, 2 young (2048K), 2 survivors (2048K)
 Metaspace       used 47865K, committed 48512K, reserved 1114112K
  class space    used 6262K, committed 6528K, reserved 1048576K
}

